CRITICAL - 2022-12-10 11:47:02 --> Cannot redeclare App\Controllers\Unidades::insertar()
in APPPATH\Controllers\Unidades.php on line 51.
 1 [internal function]: CodeIgniter\Debug\Exceptions->shutdownHandler()
CRITICAL - 2022-12-10 13:25:21 --> Invalid file: unidades/eliminados.php
in SYSTEMPATH\Exceptions\FrameworkException.php on line 33.
 1 SYSTEMPATH\View\View.php(201): CodeIgniter\Exceptions\FrameworkException::forInvalidFile('unidades/eliminados.php')
 2 SYSTEMPATH\Common.php(1134): CodeIgniter\View\View->render('unidades/eliminados', [], true)
 3 APPPATH\Controllers\Unidades.php(33): view('unidades/eliminados', [...])
 4 SYSTEMPATH\CodeIgniter.php(927): App\Controllers\Unidades->eliminados()
 5 SYSTEMPATH\CodeIgniter.php(482): CodeIgniter\CodeIgniter->runController(Object(App\Controllers\Unidades))
 6 SYSTEMPATH\CodeIgniter.php(351): CodeIgniter\CodeIgniter->handleRequest(null, Object(Config\Cache), false)
 7 FCPATH\index.php(67): CodeIgniter\CodeIgniter->run()
CRITICAL - 2022-12-10 13:26:43 --> Invalid file: unidades/eliminados.php
in SYSTEMPATH\Exceptions\FrameworkException.php on line 33.
 1 SYSTEMPATH\View\View.php(201): CodeIgniter\Exceptions\FrameworkException::forInvalidFile('unidades/eliminados.php')
 2 SYSTEMPATH\Common.php(1134): CodeIgniter\View\View->render('unidades/eliminados', [], true)
 3 APPPATH\Controllers\Unidades.php(33): view('unidades/eliminados', [...])
 4 SYSTEMPATH\CodeIgniter.php(927): App\Controllers\Unidades->eliminados()
 5 SYSTEMPATH\CodeIgniter.php(482): CodeIgniter\CodeIgniter->runController(Object(App\Controllers\Unidades))
 6 SYSTEMPATH\CodeIgniter.php(351): CodeIgniter\CodeIgniter->handleRequest(null, Object(Config\Cache), false)
 7 FCPATH\index.php(67): CodeIgniter\CodeIgniter->run()
CRITICAL - 2022-12-10 13:26:44 --> Invalid file: unidades/eliminados.php
in SYSTEMPATH\Exceptions\FrameworkException.php on line 33.
 1 SYSTEMPATH\View\View.php(201): CodeIgniter\Exceptions\FrameworkException::forInvalidFile('unidades/eliminados.php')
 2 SYSTEMPATH\Common.php(1134): CodeIgniter\View\View->render('unidades/eliminados', [], true)
 3 APPPATH\Controllers\Unidades.php(33): view('unidades/eliminados', [...])
 4 SYSTEMPATH\CodeIgniter.php(927): App\Controllers\Unidades->eliminados()
 5 SYSTEMPATH\CodeIgniter.php(482): CodeIgniter\CodeIgniter->runController(Object(App\Controllers\Unidades))
 6 SYSTEMPATH\CodeIgniter.php(351): CodeIgniter\CodeIgniter->handleRequest(null, Object(Config\Cache), false)
 7 FCPATH\index.php(67): CodeIgniter\CodeIgniter->run()
CRITICAL - 2022-12-10 13:27:15 --> Invalid file: unidades/eliminados.php
in SYSTEMPATH\Exceptions\FrameworkException.php on line 33.
 1 SYSTEMPATH\View\View.php(201): CodeIgniter\Exceptions\FrameworkException::forInvalidFile('unidades/eliminados.php')
 2 SYSTEMPATH\Common.php(1134): CodeIgniter\View\View->render('unidades/eliminados', [], true)
 3 APPPATH\Controllers\Unidades.php(33): view('unidades/eliminados', [...])
 4 SYSTEMPATH\CodeIgniter.php(927): App\Controllers\Unidades->eliminados()
 5 SYSTEMPATH\CodeIgniter.php(482): CodeIgniter\CodeIgniter->runController(Object(App\Controllers\Unidades))
 6 SYSTEMPATH\CodeIgniter.php(351): CodeIgniter\CodeIgniter->handleRequest(null, Object(Config\Cache), false)
 7 FCPATH\index.php(67): CodeIgniter\CodeIgniter->run()
CRITICAL - 2022-12-10 13:28:35 --> Invalid file: unidades/eliminadas.php
in SYSTEMPATH\Exceptions\FrameworkException.php on line 33.
 1 SYSTEMPATH\View\View.php(201): CodeIgniter\Exceptions\FrameworkException::forInvalidFile('unidades/eliminadas.php')
 2 SYSTEMPATH\Common.php(1134): CodeIgniter\View\View->render('unidades/eliminadas', [], true)
 3 APPPATH\Controllers\Unidades.php(33): view('unidades/eliminadas', [...])
 4 SYSTEMPATH\CodeIgniter.php(927): App\Controllers\Unidades->eliminados()
 5 SYSTEMPATH\CodeIgniter.php(482): CodeIgniter\CodeIgniter->runController(Object(App\Controllers\Unidades))
 6 SYSTEMPATH\CodeIgniter.php(351): CodeIgniter\CodeIgniter->handleRequest(null, Object(Config\Cache), false)
 7 FCPATH\index.php(67): CodeIgniter\CodeIgniter->run()
CRITICAL - 2022-12-10 13:29:03 --> Invalid file: unidades/eliminadas.php
in SYSTEMPATH\Exceptions\FrameworkException.php on line 33.
 1 SYSTEMPATH\View\View.php(201): CodeIgniter\Exceptions\FrameworkException::forInvalidFile('unidades/eliminadas.php')
 2 SYSTEMPATH\Common.php(1134): CodeIgniter\View\View->render('unidades/eliminadas', [], true)
 3 APPPATH\Controllers\Unidades.php(33): view('unidades/eliminadas', [...])
 4 SYSTEMPATH\CodeIgniter.php(927): App\Controllers\Unidades->eliminados()
 5 SYSTEMPATH\CodeIgniter.php(482): CodeIgniter\CodeIgniter->runController(Object(App\Controllers\Unidades))
 6 SYSTEMPATH\CodeIgniter.php(351): CodeIgniter\CodeIgniter->handleRequest(null, Object(Config\Cache), false)
 7 FCPATH\index.php(67): CodeIgniter\CodeIgniter->run()
CRITICAL - 2022-12-10 13:32:20 --> Invalid file: unidades/eliminados.php
in SYSTEMPATH\Exceptions\FrameworkException.php on line 33.
 1 SYSTEMPATH\View\View.php(201): CodeIgniter\Exceptions\FrameworkException::forInvalidFile('unidades/eliminados.php')
 2 SYSTEMPATH\Common.php(1134): CodeIgniter\View\View->render('unidades/eliminados', [], true)
 3 APPPATH\Controllers\Unidades.php(33): view('unidades/eliminados', [...])
 4 SYSTEMPATH\CodeIgniter.php(927): App\Controllers\Unidades->eliminados()
 5 SYSTEMPATH\CodeIgniter.php(482): CodeIgniter\CodeIgniter->runController(Object(App\Controllers\Unidades))
 6 SYSTEMPATH\CodeIgniter.php(351): CodeIgniter\CodeIgniter->handleRequest(null, Object(Config\Cache), false)
 7 FCPATH\index.php(67): CodeIgniter\CodeIgniter->run()
CRITICAL - 2022-12-10 13:32:21 --> Invalid file: unidades/eliminados.php
in SYSTEMPATH\Exceptions\FrameworkException.php on line 33.
 1 SYSTEMPATH\View\View.php(201): CodeIgniter\Exceptions\FrameworkException::forInvalidFile('unidades/eliminados.php')
 2 SYSTEMPATH\Common.php(1134): CodeIgniter\View\View->render('unidades/eliminados', [], true)
 3 APPPATH\Controllers\Unidades.php(33): view('unidades/eliminados', [...])
 4 SYSTEMPATH\CodeIgniter.php(927): App\Controllers\Unidades->eliminados()
 5 SYSTEMPATH\CodeIgniter.php(482): CodeIgniter\CodeIgniter->runController(Object(App\Controllers\Unidades))
 6 SYSTEMPATH\CodeIgniter.php(351): CodeIgniter\CodeIgniter->handleRequest(null, Object(Config\Cache), false)
 7 FCPATH\index.php(67): CodeIgniter\CodeIgniter->run()
CRITICAL - 2022-12-10 13:32:22 --> Invalid file: unidades/eliminados.php
in SYSTEMPATH\Exceptions\FrameworkException.php on line 33.
 1 SYSTEMPATH\View\View.php(201): CodeIgniter\Exceptions\FrameworkException::forInvalidFile('unidades/eliminados.php')
 2 SYSTEMPATH\Common.php(1134): CodeIgniter\View\View->render('unidades/eliminados', [], true)
 3 APPPATH\Controllers\Unidades.php(33): view('unidades/eliminados', [...])
 4 SYSTEMPATH\CodeIgniter.php(927): App\Controllers\Unidades->eliminados()
 5 SYSTEMPATH\CodeIgniter.php(482): CodeIgniter\CodeIgniter->runController(Object(App\Controllers\Unidades))
 6 SYSTEMPATH\CodeIgniter.php(351): CodeIgniter\CodeIgniter->handleRequest(null, Object(Config\Cache), false)
 7 FCPATH\index.php(67): CodeIgniter\CodeIgniter->run()
CRITICAL - 2022-12-10 13:32:22 --> Invalid file: unidades/eliminados.php
in SYSTEMPATH\Exceptions\FrameworkException.php on line 33.
 1 SYSTEMPATH\View\View.php(201): CodeIgniter\Exceptions\FrameworkException::forInvalidFile('unidades/eliminados.php')
 2 SYSTEMPATH\Common.php(1134): CodeIgniter\View\View->render('unidades/eliminados', [], true)
 3 APPPATH\Controllers\Unidades.php(33): view('unidades/eliminados', [...])
 4 SYSTEMPATH\CodeIgniter.php(927): App\Controllers\Unidades->eliminados()
 5 SYSTEMPATH\CodeIgniter.php(482): CodeIgniter\CodeIgniter->runController(Object(App\Controllers\Unidades))
 6 SYSTEMPATH\CodeIgniter.php(351): CodeIgniter\CodeIgniter->handleRequest(null, Object(Config\Cache), false)
 7 FCPATH\index.php(67): CodeIgniter\CodeIgniter->run()
CRITICAL - 2022-12-10 13:34:01 --> Invalid file: unidades/eliminados.php
in SYSTEMPATH\Exceptions\FrameworkException.php on line 33.
 1 SYSTEMPATH\View\View.php(201): CodeIgniter\Exceptions\FrameworkException::forInvalidFile('unidades/eliminados.php')
 2 SYSTEMPATH\Common.php(1134): CodeIgniter\View\View->render('unidades/eliminados', [], true)
 3 APPPATH\Controllers\Unidades.php(33): view('unidades/eliminados', [...])
 4 SYSTEMPATH\CodeIgniter.php(927): App\Controllers\Unidades->eliminados()
 5 SYSTEMPATH\CodeIgniter.php(482): CodeIgniter\CodeIgniter->runController(Object(App\Controllers\Unidades))
 6 SYSTEMPATH\CodeIgniter.php(351): CodeIgniter\CodeIgniter->handleRequest(null, Object(Config\Cache), false)
 7 FCPATH\index.php(67): CodeIgniter\CodeIgniter->run()
CRITICAL - 2022-12-10 13:35:38 --> Invalid file: unidades/eliminados.php
in SYSTEMPATH\Exceptions\FrameworkException.php on line 33.
 1 SYSTEMPATH\View\View.php(201): CodeIgniter\Exceptions\FrameworkException::forInvalidFile('unidades/eliminados.php')
 2 SYSTEMPATH\Common.php(1134): CodeIgniter\View\View->render('unidades/eliminados', [], true)
 3 APPPATH\Controllers\Unidades.php(33): view('unidades/eliminados', [...])
 4 SYSTEMPATH\CodeIgniter.php(927): App\Controllers\Unidades->eliminados()
 5 SYSTEMPATH\CodeIgniter.php(482): CodeIgniter\CodeIgniter->runController(Object(App\Controllers\Unidades))
 6 SYSTEMPATH\CodeIgniter.php(351): CodeIgniter\CodeIgniter->handleRequest(null, Object(Config\Cache), false)
 7 FCPATH\index.php(67): CodeIgniter\CodeIgniter->run()
