CRITICAL - 2022-12-26 18:08:36 --> Undefined array key "existencias"
in APPPATH\Views\productos\productos.php on line 34.
 1 APPPATH\Views\productos\productos.php(34): CodeIgniter\Debug\Exceptions->errorHandler(2, 'Undefined array key "existencias"', 'APPPATH\\Views\\productos\\productos.php', 34)
 2 SYSTEMPATH\View\View.php(213): include('APPPATH\\Views\\productos\\productos.php')
 3 SYSTEMPATH\View\View.php(216): CodeIgniter\View\View->CodeIgniter\View\{closure}()
 4 SYSTEMPATH\Common.php(1134): CodeIgniter\View\View->render('productos/productos', [], true)
 5 APPPATH\Controllers\Productos.php(27): view('productos/productos', [...])
 6 SYSTEMPATH\CodeIgniter.php(927): App\Controllers\Productos->index()
 7 SYSTEMPATH\CodeIgniter.php(482): CodeIgniter\CodeIgniter->runController(Object(App\Controllers\Productos))
 8 SYSTEMPATH\CodeIgniter.php(351): CodeIgniter\CodeIgniter->handleRequest(null, Object(Config\Cache), false)
 9 FCPATH\index.php(67): CodeIgniter\CodeIgniter->run()
CRITICAL - 2022-12-26 18:13:07 --> Undefined array key "nombre_corto"
in APPPATH\Views\productos\eliminados.php on line 28.
 1 APPPATH\Views\productos\eliminados.php(28): CodeIgniter\Debug\Exceptions->errorHandler(2, 'Undefined array key "nombre_corto"', 'APPPATH\\Views\\productos\\eliminados.php', 28)
 2 SYSTEMPATH\View\View.php(213): include('APPPATH\\Views\\productos\\eliminados.php')
 3 SYSTEMPATH\View\View.php(216): CodeIgniter\View\View->CodeIgniter\View\{closure}()
 4 SYSTEMPATH\Common.php(1134): CodeIgniter\View\View->render('productos/eliminados', [], true)
 5 APPPATH\Controllers\Productos.php(37): view('productos/eliminados', [...])
 6 SYSTEMPATH\CodeIgniter.php(927): App\Controllers\Productos->eliminados()
 7 SYSTEMPATH\CodeIgniter.php(482): CodeIgniter\CodeIgniter->runController(Object(App\Controllers\Productos))
 8 SYSTEMPATH\CodeIgniter.php(351): CodeIgniter\CodeIgniter->handleRequest(null, Object(Config\Cache), false)
 9 FCPATH\index.php(67): CodeIgniter\CodeIgniter->run()
CRITICAL - 2022-12-26 18:19:00 --> Undefined variable $datos
in APPPATH\Views\productos\editar.php on line 8.
 1 APPPATH\Views\productos\editar.php(8): CodeIgniter\Debug\Exceptions->errorHandler(2, 'Undefined variable $datos', 'APPPATH\\Views\\productos\\editar.php', 8)
 2 SYSTEMPATH\View\View.php(213): include('APPPATH\\Views\\productos\\editar.php')
 3 SYSTEMPATH\View\View.php(216): CodeIgniter\View\View->CodeIgniter\View\{closure}()
 4 SYSTEMPATH\Common.php(1134): CodeIgniter\View\View->render('productos/editar', [], true)
 5 APPPATH\Controllers\Productos.php(85): view('productos/editar', [...])
 6 SYSTEMPATH\CodeIgniter.php(927): App\Controllers\Productos->editar('2')
 7 SYSTEMPATH\CodeIgniter.php(482): CodeIgniter\CodeIgniter->runController(Object(App\Controllers\Productos))
 8 SYSTEMPATH\CodeIgniter.php(351): CodeIgniter\CodeIgniter->handleRequest(null, Object(Config\Cache), false)
 9 FCPATH\index.php(67): CodeIgniter\CodeIgniter->run()
CRITICAL - 2022-12-26 18:49:13 --> Unclosed '{' on line 78
in APPPATH\Views\productos\editar.php on line 99.
 1 SYSTEMPATH\View\View.php(216): CodeIgniter\View\View->CodeIgniter\View\{closure}()
 2 SYSTEMPATH\Common.php(1134): CodeIgniter\View\View->render('productos/editar', [], true)
 3 APPPATH\Controllers\Productos.php(85): view('productos/editar', [...])
 4 SYSTEMPATH\CodeIgniter.php(927): App\Controllers\Productos->editar('2')
 5 SYSTEMPATH\CodeIgniter.php(482): CodeIgniter\CodeIgniter->runController(Object(App\Controllers\Productos))
 6 SYSTEMPATH\CodeIgniter.php(351): CodeIgniter\CodeIgniter->handleRequest(null, Object(Config\Cache), false)
 7 FCPATH\index.php(67): CodeIgniter\CodeIgniter->run()
CRITICAL - 2022-12-26 18:50:27 --> Unclosed '{' on line 43
in APPPATH\Views\productos\editar.php on line 101.
 1 SYSTEMPATH\View\View.php(216): CodeIgniter\View\View->CodeIgniter\View\{closure}()
 2 SYSTEMPATH\Common.php(1134): CodeIgniter\View\View->render('productos/editar', [], true)
 3 APPPATH\Controllers\Productos.php(85): view('productos/editar', [...])
 4 SYSTEMPATH\CodeIgniter.php(927): App\Controllers\Productos->editar('2')
 5 SYSTEMPATH\CodeIgniter.php(482): CodeIgniter\CodeIgniter->runController(Object(App\Controllers\Productos))
 6 SYSTEMPATH\CodeIgniter.php(351): CodeIgniter\CodeIgniter->handleRequest(null, Object(Config\Cache), false)
 7 FCPATH\index.php(67): CodeIgniter\CodeIgniter->run()
CRITICAL - 2022-12-26 18:50:28 --> Unclosed '{' on line 43
in APPPATH\Views\productos\editar.php on line 101.
 1 SYSTEMPATH\View\View.php(216): CodeIgniter\View\View->CodeIgniter\View\{closure}()
 2 SYSTEMPATH\Common.php(1134): CodeIgniter\View\View->render('productos/editar', [], true)
 3 APPPATH\Controllers\Productos.php(85): view('productos/editar', [...])
 4 SYSTEMPATH\CodeIgniter.php(927): App\Controllers\Productos->editar('2')
 5 SYSTEMPATH\CodeIgniter.php(482): CodeIgniter\CodeIgniter->runController(Object(App\Controllers\Productos))
 6 SYSTEMPATH\CodeIgniter.php(351): CodeIgniter\CodeIgniter->handleRequest(null, Object(Config\Cache), false)
 7 FCPATH\index.php(67): CodeIgniter\CodeIgniter->run()
CRITICAL - 2022-12-26 18:55:38 --> Unclosed '{' on line 79
in APPPATH\Views\productos\editar.php on line 102.
 1 SYSTEMPATH\View\View.php(216): CodeIgniter\View\View->CodeIgniter\View\{closure}()
 2 SYSTEMPATH\Common.php(1134): CodeIgniter\View\View->render('productos/editar', [], true)
 3 APPPATH\Controllers\Productos.php(85): view('productos/editar', [...])
 4 SYSTEMPATH\CodeIgniter.php(927): App\Controllers\Productos->editar('2')
 5 SYSTEMPATH\CodeIgniter.php(482): CodeIgniter\CodeIgniter->runController(Object(App\Controllers\Productos))
 6 SYSTEMPATH\CodeIgniter.php(351): CodeIgniter\CodeIgniter->handleRequest(null, Object(Config\Cache), false)
 7 FCPATH\index.php(67): CodeIgniter\CodeIgniter->run()
CRITICAL - 2022-12-26 19:42:56 --> Undefined variable $validation
in APPPATH\Views\unidades\nuevo.php on line 6.
 1 APPPATH\Views\unidades\nuevo.php(6): CodeIgniter\Debug\Exceptions->errorHandler(2, 'Undefined variable $validation', 'APPPATH\\Views\\unidades\\nuevo.php', 6)
 2 SYSTEMPATH\View\View.php(213): include('APPPATH\\Views\\unidades\\nuevo.php')
 3 SYSTEMPATH\View\View.php(216): CodeIgniter\View\View->CodeIgniter\View\{closure}()
 4 SYSTEMPATH\Common.php(1134): CodeIgniter\View\View->render('unidades/nuevo', [], true)
 5 APPPATH\Controllers\Unidades.php(42): view('unidades/nuevo', [...])
 6 SYSTEMPATH\CodeIgniter.php(927): App\Controllers\Unidades->nuevo()
 7 SYSTEMPATH\CodeIgniter.php(482): CodeIgniter\CodeIgniter->runController(Object(App\Controllers\Unidades))
 8 SYSTEMPATH\CodeIgniter.php(351): CodeIgniter\CodeIgniter->handleRequest(null, Object(Config\Cache), false)
 9 FCPATH\index.php(67): CodeIgniter\CodeIgniter->run()
